<?xml version="1.0" encoding="UTF-8"?>
<testsuite xmlns:xsi="http://www.w3.org/2001/XMLSchema-instance" xsi:noNamespaceSchemaLocation="https://maven.apache.org/surefire/maven-surefire-plugin/xsd/surefire-test-report-3.0.xsd" version="3.0" name="TestSuite" time="57.623" tests="6" errors="0" skipped="0" failures="0">
  <properties>
[...]
</properties>
  <testcase name="ADD_NEW_OWNER" classname="springBootTestCases.petClinicTest" time="9.184"/>
  <testcase name="EDIT_OWNER" classname="springBootTestCases.petClinicTest" time="2.236"/>
  <testcase name="ADD_NEW_PET" classname="springBootTestCases.petClinicTest" time="2.219"/>
  <testcase name="EDIT_PET" classname="springBootTestCases.petClinicTest" time="1.953"/>
  <testcase name="LIST_OWNER" classname="springBootTestCases.petClinicTest" time="1.515"/>
  <testcase name="LIST_VETERINARIANS" classname="springBootTestCases.petClinicTest" time="0.674"/>
</testsuite>