<?xml version="1.0" encoding="UTF-8"?>
<testng-results ignored="0" total="6" passed="6" failed="0" skipped="0">
  <reporter-output>
  </reporter-output>
  <suite started-at="2020-11-05T05:15:27Z" name="ADD OWNER" finished-at="2020-11-05T05:16:23Z" duration-ms="55489">
    <groups>
    </groups>
    <test started-at="2020-11-05T05:15:27Z" name="ADD OWNER" finished-at="2020-11-05T05:16:23Z" duration-ms="55489">
      <class name="springBootTestCases.petClinicTest">
        <test-method is-config="true" signature="init()[pri:0, instance:springBootTestCases.petClinicTest@314c508a]" started-at="2020-11-05T05:15:27Z" name="init" finished-at="2020-11-05T05:15:35Z" duration-ms="7717" status="PASS">
          <reporter-output>
          </reporter-output>
        </test-method> <!-- init -->
        <test-method signature="ADD_NEW_OWNER()[pri:1, instance:springBootTestCases.petClinicTest@314c508a]" started-at="2020-11-05T05:15:35Z" name="ADD_NEW_OWNER" finished-at="2020-11-05T05:15:43Z" duration-ms="7988" status="PASS">
          <reporter-output>
          </reporter-output>
        </test-method> <!-- ADD_NEW_OWNER -->
        <test-method signature="EDIT_OWNER()[pri:2, instance:springBootTestCases.petClinicTest@314c508a]" started-at="2020-11-05T05:15:43Z" name="EDIT_OWNER" finished-at="2020-11-05T05:15:45Z" duration-ms="2085" status="PASS">
          <reporter-output>
          </reporter-output>
        </test-method> <!-- EDIT_OWNER -->
        <test-method signature="ADD_NEW_PET()[pri:3, instance:springBootTestCases.petClinicTest@314c508a]" started-at="2020-11-05T05:15:45Z" name="ADD_NEW_PET" finished-at="2020-11-05T05:15:48Z" duration-ms="2630" status="PASS">
          <reporter-output>
          </reporter-output>
        </test-method> <!-- ADD_NEW_PET -->
        <test-method signature="EDIT_PET()[pri:4, instance:springBootTestCases.petClinicTest@314c508a]" started-at="2020-11-05T05:15:48Z" name="EDIT_PET" finished-at="2020-11-05T05:15:50Z" duration-ms="1783" status="PASS">
          <reporter-output>
          </reporter-output>
        </test-method> <!-- EDIT_PET -->
        <test-method signature="LIST_OWNER()[pri:6, instance:springBootTestCases.petClinicTest@314c508a]" started-at="2020-11-05T05:15:50Z" name="LIST_OWNER" finished-at="2020-11-05T05:15:51Z" duration-ms="1188" status="PASS">
          <reporter-output>
          </reporter-output>
        </test-method> <!-- LIST_OWNER -->
        <test-method signature="LIST_VETERINARIANS()[pri:7, instance:springBootTestCases.petClinicTest@314c508a]" started-at="2020-11-05T05:15:51Z" name="LIST_VETERINARIANS" finished-at="2020-11-05T05:15:51Z" duration-ms="631" status="PASS">
          <reporter-output>
          </reporter-output>
        </test-method> <!-- LIST_VETERINARIANS -->
        <test-method is-config="true" signature="CLOSE_CHROME_WINDOW()[pri:0, instance:springBootTestCases.petClinicTest@314c508a]" started-at="2020-11-05T05:15:51Z" name="CLOSE_CHROME_WINDOW" finished-at="2020-11-05T05:16:23Z" duration-ms="31431" status="PASS">
          <reporter-output>
          </reporter-output>
        </test-method> <!-- CLOSE_CHROME_WINDOW -->
      </class> <!-- springBootTestCases.petClinicTest -->
    </test> <!-- ADD OWNER -->
  </suite> <!-- ADD OWNER -->
</testng-results>
