<?xml version="1.0" encoding="UTF-8"?>
<!-- Generated by org.testng.reporters.JUnitXMLReporter -->
<testsuite ignored="0" hostname="user-Inspiron-3542" failures="0" tests="6" name="ADD OWNER" time="104.033" errors="0" timestamp="04 Nov 2020 04:09:41 GMT">
  <testcase classname="springBootTestCases.petClinicTest" name="ADD_NEW_OWNER" time="11.816"/>
  <testcase classname="springBootTestCases.petClinicTest" name="EDIT_OWNER" time="2.391"/>
  <testcase classname="springBootTestCases.petClinicTest" name="ADD_NEW_PET" time="4.659"/>
  <testcase classname="springBootTestCases.petClinicTest" name="EDIT_PET" time="1.79"/>
  <testcase classname="springBootTestCases.petClinicTest" name="LIST_OWNER" time="1.594"/>
  <testcase classname="springBootTestCases.petClinicTest" name="LIST_VETERINARIANS" time="0.643"/>
</testsuite> <!-- ADD OWNER -->
