<?xml version="1.0" encoding="UTF-8"?>
<!-- Generated by org.testng.reporters.JUnitReportReporter -->
<testsuite hostname="user-Inspiron-3542" failures="0" tests="6" name="springBootTestCases.petClinicTest" time="37.333" errors="0" timestamp="04 Nov 2020 02:03:19 GMT" skipped="0">
  <testcase classname="springBootTestCases.petClinicTest" name="ADD_NEW_OWNER" time="24.183"/>
  <testcase classname="springBootTestCases.petClinicTest" name="EDIT_OWNER" time="3.441"/>
  <testcase classname="springBootTestCases.petClinicTest" name="ADD_NEW_PET" time="6.312"/>
  <testcase classname="springBootTestCases.petClinicTest" name="EDIT_PET" time="1.552"/>
  <testcase classname="springBootTestCases.petClinicTest" name="LIST_OWNER" time="1.220"/>
  <testcase classname="springBootTestCases.petClinicTest" name="LIST_VETERINARIANS" time="0.625"/>
</testsuite> <!-- springBootTestCases.petClinicTest -->
